<?xml version="1.0" encoding="UTF-8"?>
<!-- Generated by org.testng.reporters.JUnitReportReporter -->
<testsuite name="pk_Log4J.OrangeHRM_Login_Before_After_Example" tests="1" time="12.262" ignored="0" failures="0" timestamp="03 Feb 2021 12:49:04 GMT" skipped="0" hostname="HIBACL131408" errors="0">
  <testcase name="LoginToOrangeHRM" time="12.262" classname="pk_Log4J.OrangeHRM_Login_Before_After_Example"/>
</testsuite> <!-- pk_Log4J.OrangeHRM_Login_Before_After_Example -->
