<?xml version="1.0" encoding="UTF-8"?>
<!-- Generated by org.testng.reporters.JUnitReportReporter -->
<testsuite name="testNGListener.Logger.OrangeHRM_Login_Before_After_Example" tests="1" time="14.520" ignored="0" failures="0" timestamp="04 Feb 2021 09:00:40 GMT" skipped="0" hostname="HIBACL131408" errors="0">
  <testcase name="LoginToOrangeHRM" time="14.520" classname="testNGListener.Logger.OrangeHRM_Login_Before_After_Example"/>
</testsuite> <!-- testNGListener.Logger.OrangeHRM_Login_Before_After_Example -->
